<?xml version="1.0" encoding="UTF-8"?>
<!-- Generated by org.testng.reporters.JUnitReportReporter -->
<testsuite hostname="DESKTOP-TTAFVAK" failures="0" tests="14" name="RestAssuredTestCases.RestAssuredBasics" time="4.497" errors="0" timestamp="31 May 2021 14:32:02 GMT" skipped="12">
  <testcase classname="RestAssuredTestCases.RestAssuredBasics" name="firsttest" time="3.457"/>
  <testcase classname="RestAssuredTestCases.RestAssuredBasics" name="soapexample" time="1.040"/>
  <testcase classname="RestAssuredTestCases.RestAssuredBasics" name="putmethod">
    <skipped/>
  </testcase> <!-- putmethod -->
  <testcase classname="RestAssuredTestCases.RestAssuredBasics" name="deletemethod">
    <skipped/>
  </testcase> <!-- deletemethod -->
  <testcase classname="RestAssuredTestCases.RestAssuredBasics" name="datasourceexample">
    <skipped/>
  </testcase> <!-- datasourceexample -->
  <testcase classname="RestAssuredTestCases.RestAssuredBasics" name="getmethod">
    <skipped/>
  </testcase> <!-- getmethod -->
  <testcase classname="RestAssuredTestCases.RestAssuredBasics" name="secondtest">
    <skipped/>
  </testcase> <!-- secondtest -->
  <testcase classname="RestAssuredTestCases.RestAssuredBasics" name="thirdtest1">
    <skipped/>
  </testcase> <!-- thirdtest1 -->
  <testcase classname="RestAssuredTestCases.RestAssuredBasics" name="jsonbody">
    <skipped/>
  </testcase> <!-- jsonbody -->
  <testcase classname="RestAssuredTestCases.RestAssuredBasics" name="pojoexample">
    <skipped/>
  </testcase> <!-- pojoexample -->
  <testcase classname="RestAssuredTestCases.RestAssuredBasics" name="queryparameterexample">
    <skipped/>
  </testcase> <!-- queryparameterexample -->
  <testcase classname="RestAssuredTestCases.RestAssuredBasics" name="postmethod">
    <skipped/>
  </testcase> <!-- postmethod -->
  <testcase classname="RestAssuredTestCases.RestAssuredBasics" name="fetchjsonfile">
    <skipped/>
  </testcase> <!-- fetchjsonfile -->
  <testcase classname="RestAssuredTestCases.RestAssuredBasics" name="patchmethod">
    <skipped/>
  </testcase> <!-- patchmethod -->
</testsuite> <!-- RestAssuredTestCases.RestAssuredBasics -->
